# JRE version: Java(TM) SE Runtime Environment (8.0_144-b01) (build 1.8.0_144-b01)
# Java VM: Java HotSpot(TM) 64-Bit Server VM (25.144-b01 mixed mode windows-amd64 compressed oops)
Heap:
 PSYoungGen      total 150528K, used 14734K [0x000000076bb00000, 0x0000000779800000, 0x00000007c0000000)
  eden space 132608K, 1% used [0x000000076bb00000,0x000000076bd29608,0x0000000773c80000)
  from space 17920K, 69% used [0x0000000773c80000,0x00000007748ba3b0,0x0000000774e00000)
  to   space 17920K, 0% used [0x0000000778680000,0x0000000778680000,0x0000000779800000)
 ParOldGen       total 104960K, used 22936K [0x00000006c3000000, 0x00000006c9680000, 0x000000076bb00000)
  object space 104960K, 21% used [0x00000006c3000000,0x00000006c4666150,0x00000006c9680000)
 Metaspace       used 44109K, capacity 44490K, committed 44800K, reserved 1087488K
  class space    used 5690K, capacity 5778K, committed 5888K, reserved 1048576K
GC Heap History (10 events):
Event: 1.932 GC heap before
{Heap before GC invocations=5 (full 1):
 PSYoungGen      total 75776K, used 65024K [0x000000076bb00000, 0x0000000774f00000, 0x00000007c0000000)
  eden space 65024K, 100% used [0x000000076bb00000,0x000000076fa80000,0x000000076fa80000)
  from space 10752K, 0% used [0x000000076fa80000,0x000000076fa80000,0x0000000770500000)
  to   space 10752K, 0% used [0x0000000774480000,0x0000000774480000,0x0000000774f00000)
 ParOldGen       total 104960K, used 7384K [0x00000006c3000000, 0x00000006c9680000, 0x000000076bb00000)
  object space 104960K, 7% used [0x00000006c3000000,0x00000006c3736078,0x00000006c9680000)
 Metaspace       used 24382K, capacity 24638K, committed 24832K, reserved 1071104K
  class space    used 2981K, capacity 3056K, committed 3072K, reserved 1048576K
Event: 1.938 GC heap after
Heap after GC invocations=5 (full 1):
 PSYoungGen      total 101376K, used 5793K [0x000000076bb00000, 0x0000000774a80000, 0x00000007c0000000)
  eden space 95232K, 0% used [0x000000076bb00000,0x000000076bb00000,0x0000000771800000)
  from space 6144K, 94% used [0x0000000774480000,0x0000000774a28618,0x0000000774a80000)
  to   space 10752K, 0% used [0x0000000773580000,0x0000000773580000,0x0000000774000000)
 ParOldGen       total 104960K, used 7392K [0x00000006c3000000, 0x00000006c9680000, 0x000000076bb00000)
  object space 104960K, 7% used [0x00000006c3000000,0x00000006c3738078,0x00000006c9680000)
 Metaspace       used 24382K, capacity 24638K, committed 24832K, reserved 1071104K
  class space    used 2981K, capacity 3056K, committed 3072K, reserved 1048576K
}
Event: 2.698 GC heap before
{Heap before GC invocations=6 (full 1):
 PSYoungGen      total 101376K, used 101006K [0x000000076bb00000, 0x0000000774a80000, 0x00000007c0000000)
  eden space 95232K, 99% used [0x000000076bb00000,0x00000007717fb450,0x0000000771800000)
  from space 6144K, 94% used [0x0000000774480000,0x0000000774a28618,0x0000000774a80000)
  to   space 10752K, 0% used [0x0000000773580000,0x0000000773580000,0x0000000774000000)
 ParOldGen       total 104960K, used 7392K [0x00000006c3000000, 0x00000006c9680000, 0x000000076bb00000)
  object space 104960K, 7% used [0x00000006c3000000,0x00000006c3738078,0x00000006c9680000)
 Metaspace       used 29423K, capacity 29734K, committed 29952K, reserved 1075200K
  class space    used 3636K, capacity 3740K, committed 3840K, reserved 1048576K
Event: 2.706 GC heap after
Heap after GC invocations=6 (full 1):
 PSYoungGen      total 136192K, used 10726K [0x000000076bb00000, 0x0000000775b80000, 0x00000007c0000000)
  eden space 125440K, 0% used [0x000000076bb00000,0x000000076bb00000,0x0000000773580000)
  from space 10752K, 99% used [0x0000000773580000,0x0000000773ff9a60,0x0000000774000000)
  to   space 13824K, 0% used [0x0000000774e00000,0x0000000774e00000,0x0000000775b80000)
 ParOldGen       total 104960K, used 9216K [0x00000006c3000000, 0x00000006c9680000, 0x000000076bb00000)
  object space 104960K, 8% used [0x00000006c3000000,0x00000006c3900308,0x00000006c9680000)
 Metaspace       used 29423K, capacity 29734K, committed 29952K, reserved 1075200K
  class space    used 3636K, capacity 3740K, committed 3840K, reserved 1048576K
}
Event: 7.611 GC heap before
{Heap before GC invocations=7 (full 1):
 PSYoungGen      total 136192K, used 128453K [0x000000076bb00000, 0x0000000775b80000, 0x00000007c0000000)
  eden space 125440K, 93% used [0x000000076bb00000,0x0000000772df7d40,0x0000000773580000)
  from space 10752K, 99% used [0x0000000773580000,0x0000000773ff9a60,0x0000000774000000)
  to   space 13824K, 0% used [0x0000000774e00000,0x0000000774e00000,0x0000000775b80000)
 ParOldGen       total 104960K, used 9216K [0x00000006c3000000, 0x00000006c9680000, 0x000000076bb00000)
  object space 104960K, 8% used [0x00000006c3000000,0x00000006c3900308,0x00000006c9680000)
 Metaspace       used 34948K, capacity 35270K, committed 35456K, reserved 1081344K
  class space    used 4298K, capacity 4396K, committed 4480K, reserved 1048576K
Event: 7.623 GC heap after
Heap after GC invocations=7 (full 1):
 PSYoungGen      total 146432K, used 13820K [0x000000076bb00000, 0x0000000778680000, 0x00000007c0000000)
  eden space 132608K, 0% used [0x000000076bb00000,0x000000076bb00000,0x0000000773c80000)
  from space 13824K, 99% used [0x0000000774e00000,0x0000000775b7f128,0x0000000775b80000)
  to   space 17920K, 0% used [0x0000000773c80000,0x0000000773c80000,0x0000000774e00000)
 ParOldGen       total 104960K, used 12442K [0x00000006c3000000, 0x00000006c9680000, 0x000000076bb00000)
  object space 104960K, 11% used [0x00000006c3000000,0x00000006c3c268b8,0x00000006c9680000)
 Metaspace       used 34948K, capacity 35270K, committed 35456K, reserved 1081344K
  class space    used 4298K, capacity 4396K, committed 4480K, reserved 1048576K
}
Event: 7.623 GC heap before
{Heap before GC invocations=8 (full 2):
 PSYoungGen      total 146432K, used 13820K [0x000000076bb00000, 0x0000000778680000, 0x00000007c0000000)
  eden space 132608K, 0% used [0x000000076bb00000,0x000000076bb00000,0x0000000773c80000)
  from space 13824K, 99% used [0x0000000774e00000,0x0000000775b7f128,0x0000000775b80000)
  to   space 17920K, 0% used [0x0000000773c80000,0x0000000773c80000,0x0000000774e00000)
 ParOldGen       total 104960K, used 12442K [0x00000006c3000000, 0x00000006c9680000, 0x000000076bb00000)
  object space 104960K, 11% used [0x00000006c3000000,0x00000006c3c268b8,0x00000006c9680000)
 Metaspace       used 34948K, capacity 35270K, committed 35456K, reserved 1081344K
  class space    used 4298K, capacity 4396K, committed 4480K, reserved 1048576K
Event: 7.787 GC heap after
Heap after GC invocations=8 (full 2):
 PSYoungGen      total 146432K, used 0K [0x000000076bb00000, 0x0000000778680000, 0x00000007c0000000)
  eden space 132608K, 0% used [0x000000076bb00000,0x000000076bb00000,0x0000000773c80000)
  from space 13824K, 0% used [0x0000000774e00000,0x0000000774e00000,0x0000000775b80000)
  to   space 17920K, 0% used [0x0000000773c80000,0x0000000773c80000,0x0000000774e00000)
 ParOldGen       total 104960K, used 22928K [0x00000006c3000000, 0x00000006c9680000, 0x000000076bb00000)
  object space 104960K, 21% used [0x00000006c3000000,0x00000006c4664150,0x00000006c9680000)
 Metaspace       used 34948K, capacity 35270K, committed 35456K, reserved 1081344K
  class space    used 4298K, capacity 4396K, committed 4480K, reserved 1048576K
}
Event: 8.738 GC heap before
{Heap before GC invocations=9 (full 2):
 PSYoungGen      total 146432K, used 132608K [0x000000076bb00000, 0x0000000778680000, 0x00000007c0000000)
  eden space 132608K, 100% used [0x000000076bb00000,0x0000000773c80000,0x0000000773c80000)
  from space 13824K, 0% used [0x0000000774e00000,0x0000000774e00000,0x0000000775b80000)
  to   space 17920K, 0% used [0x0000000773c80000,0x0000000773c80000,0x0000000774e00000)
 ParOldGen       total 104960K, used 22928K [0x00000006c3000000, 0x00000006c9680000, 0x000000076bb00000)
  object space 104960K, 21% used [0x00000006c3000000,0x00000006c4664150,0x00000006c9680000)
 Metaspace       used 44095K, capacity 44490K, committed 44800K, reserved 1087488K
  class space    used 5687K, capacity 5778K, committed 5888K, reserved 1048576K
Event: 8.749 GC heap after
Heap after GC invocations=9 (full 2):
 PSYoungGen      total 150528K, used 12520K [0x000000076bb00000, 0x0000000779800000, 0x00000007c0000000)
  eden space 132608K, 0% used [0x000000076bb00000,0x000000076bb00000,0x0000000773c80000)
  from space 17920K, 69% used [0x0000000773c80000,0x00000007748ba3b0,0x0000000774e00000)
  to   space 17920K, 0% used [0x0000000778680000,0x0000000778680000,0x0000000779800000)
 ParOldGen       total 104960K, used 22936K [0x00000006c3000000, 0x00000006c9680000, 0x000000076bb00000)
  object space 104960K, 21% used [0x00000006c3000000,0x00000006c4666150,0x00000006c9680000)
 Metaspace       used 44095K, capacity 44490K, committed 44800K, reserved 1087488K
  class space    used 5687K, capacity 5778K, committed 5888K, reserved 1048576K
}

